# JRE version: OpenJDK Runtime Environment Temurin-21.0.7+6 (21.0.7+6) (build 21.0.7+6-LTS)
# Java VM: OpenJDK 64-Bit Server VM Temurin-21.0.7+6 (21.0.7+6-LTS, mixed mode, sharing, tiered, compressed oops, compressed class ptrs, parallel gc, windows-amd64)
GC Precious Log:
 CardTable entry size: 512
 CPUs: 12 total, 12 available
 Memory: 16154M
 Large Page Support: Disabled
 NUMA Support: Disabled
 Compressed Oops: Enabled (32-bit)
 Alignments: Space 512K, Generation 512K, Heap 2M
 Heap Min Capacity: 100M
 Heap Initial Capacity: 100M
 Heap Max Capacity: 1G
 Pre-touch: Disabled
 Parallel Workers: 10
Heap:
 PSYoungGen      total 1536K, used 536K [0x00000000eab00000, 0x00000000ead80000, 0x0000000100000000)
  eden space 1024K, 18% used [0x00000000eab00000,0x00000000eab2e1a8,0x00000000eac00000)
  from space 512K, 68% used [0x00000000ead00000,0x00000000ead58000,0x00000000ead80000)
  to   space 512K, 0% used [0x00000000eac80000,0x00000000eac80000,0x00000000ead00000)
 ParOldGen       total 434688K, used 434344K [0x00000000c0000000, 0x00000000da880000, 0x00000000eab00000)
  object space 434688K, 99% used [0x00000000c0000000,0x00000000da82a210,0x00000000da880000)
 Metaspace       used 57329K, committed 58688K, reserved 1114112K
  class space    used 5866K, committed 6464K, reserved 1048576K
GC Heap History (20 events):
Event: 48.931 GC heap before
{Heap before GC invocations=522 (full 2):
 PSYoungGen      total 1536K, used 1536K [0x00000000eab00000, 0x00000000eae00000, 0x0000000100000000)
  eden space 1024K, 100% used [0x00000000eab00000,0x00000000eac00000,0x00000000eac00000)
  from space 512K, 100% used [0x00000000eac80000,0x00000000ead00000,0x00000000ead00000)
  to   space 1024K, 0% used [0x00000000ead00000,0x00000000ead00000,0x00000000eae00000)
 ParOldGen       total 431616K, used 431441K [0x00000000c0000000, 0x00000000da580000, 0x00000000eab00000)
  object space 431616K, 99% used [0x00000000c0000000,0x00000000da554720,0x00000000da580000)
 Metaspace       used 56726K, committed 58048K, reserved 1114112K
  class space    used 5821K, committed 6400K, reserved 1048576K
}
Event: 48.933 GC heap after
{Heap after GC invocations=522 (full 2):
 PSYoungGen      total 1536K, used 352K [0x00000000eab00000, 0x00000000ead80000, 0x0000000100000000)
  eden space 1024K, 0% used [0x00000000eab00000,0x00000000eab00000,0x00000000eac00000)
  from space 512K, 68% used [0x00000000ead00000,0x00000000ead58000,0x00000000ead80000)
  to   space 512K, 0% used [0x00000000eac80000,0x00000000eac80000,0x00000000ead00000)
 ParOldGen       total 432128K, used 431945K [0x00000000c0000000, 0x00000000da600000, 0x00000000eab00000)
  object space 432128K, 99% used [0x00000000c0000000,0x00000000da5d2730,0x00000000da600000)
 Metaspace       used 56726K, committed 58048K, reserved 1114112K
  class space    used 5821K, committed 6400K, reserved 1048576K
}
Event: 48.943 GC heap before
{Heap before GC invocations=523 (full 2):
 PSYoungGen      total 1536K, used 1366K [0x00000000eab00000, 0x00000000ead80000, 0x0000000100000000)
  eden space 1024K, 99% used [0x00000000eab00000,0x00000000eabfdbc8,0x00000000eac00000)
  from space 512K, 68% used [0x00000000ead00000,0x00000000ead58000,0x00000000ead80000)
  to   space 512K, 0% used [0x00000000eac80000,0x00000000eac80000,0x00000000ead00000)
 ParOldGen       total 432128K, used 431945K [0x00000000c0000000, 0x00000000da600000, 0x00000000eab00000)
  object space 432128K, 99% used [0x00000000c0000000,0x00000000da5d2730,0x00000000da600000)
 Metaspace       used 56783K, committed 58112K, reserved 1114112K
  class space    used 5827K, committed 6400K, reserved 1048576K
}
Event: 48.944 GC heap after
{Heap after GC invocations=523 (full 2):
 PSYoungGen      total 1536K, used 320K [0x00000000eab00000, 0x00000000ead80000, 0x0000000100000000)
  eden space 1024K, 0% used [0x00000000eab00000,0x00000000eab00000,0x00000000eac00000)
  from space 512K, 62% used [0x00000000eac80000,0x00000000eacd0000,0x00000000ead00000)
  to   space 512K, 0% used [0x00000000ead00000,0x00000000ead00000,0x00000000ead80000)
 ParOldGen       total 432128K, used 432081K [0x00000000c0000000, 0x00000000da600000, 0x00000000eab00000)
  object space 432128K, 99% used [0x00000000c0000000,0x00000000da5f4730,0x00000000da600000)
 Metaspace       used 56783K, committed 58112K, reserved 1114112K
  class space    used 5827K, committed 6400K, reserved 1048576K
}
Event: 48.959 GC heap before
{Heap before GC invocations=524 (full 2):
 PSYoungGen      total 1536K, used 1344K [0x00000000eab00000, 0x00000000ead80000, 0x0000000100000000)
  eden space 1024K, 100% used [0x00000000eab00000,0x00000000eac00000,0x00000000eac00000)
  from space 512K, 62% used [0x00000000eac80000,0x00000000eacd0000,0x00000000ead00000)
  to   space 512K, 0% used [0x00000000ead00000,0x00000000ead00000,0x00000000ead80000)
 ParOldGen       total 432128K, used 432081K [0x00000000c0000000, 0x00000000da600000, 0x00000000eab00000)
  object space 432128K, 99% used [0x00000000c0000000,0x00000000da5f4730,0x00000000da600000)
 Metaspace       used 56866K, committed 58176K, reserved 1114112K
  class space    used 5833K, committed 6400K, reserved 1048576K
}
Event: 48.961 GC heap after
{Heap after GC invocations=524 (full 2):
 PSYoungGen      total 1536K, used 320K [0x00000000eab00000, 0x00000000ead80000, 0x0000000100000000)
  eden space 1024K, 0% used [0x00000000eab00000,0x00000000eab00000,0x00000000eac00000)
  from space 512K, 62% used [0x00000000ead00000,0x00000000ead50000,0x00000000ead80000)
  to   space 512K, 0% used [0x00000000eac80000,0x00000000eac80000,0x00000000ead00000)
 ParOldGen       total 432640K, used 432161K [0x00000000c0000000, 0x00000000da680000, 0x00000000eab00000)
  object space 432640K, 99% used [0x00000000c0000000,0x00000000da608730,0x00000000da680000)
 Metaspace       used 56866K, committed 58176K, reserved 1114112K
  class space    used 5833K, committed 6400K, reserved 1048576K
}
Event: 48.975 GC heap before
{Heap before GC invocations=525 (full 2):
 PSYoungGen      total 1536K, used 1342K [0x00000000eab00000, 0x00000000ead80000, 0x0000000100000000)
  eden space 1024K, 99% used [0x00000000eab00000,0x00000000eabff818,0x00000000eac00000)
  from space 512K, 62% used [0x00000000ead00000,0x00000000ead50000,0x00000000ead80000)
  to   space 512K, 0% used [0x00000000eac80000,0x00000000eac80000,0x00000000ead00000)
 ParOldGen       total 432640K, used 432161K [0x00000000c0000000, 0x00000000da680000, 0x00000000eab00000)
  object space 432640K, 99% used [0x00000000c0000000,0x00000000da608730,0x00000000da680000)
 Metaspace       used 56910K, committed 58240K, reserved 1114112K
  class space    used 5834K, committed 6400K, reserved 1048576K
}
Event: 48.976 GC heap after
{Heap after GC invocations=525 (full 2):
 PSYoungGen      total 1536K, used 448K [0x00000000eab00000, 0x00000000ead80000, 0x0000000100000000)
  eden space 1024K, 0% used [0x00000000eab00000,0x00000000eab00000,0x00000000eac00000)
  from space 512K, 87% used [0x00000000eac80000,0x00000000eacf0000,0x00000000ead00000)
  to   space 512K, 0% used [0x00000000ead00000,0x00000000ead00000,0x00000000ead80000)
 ParOldGen       total 432640K, used 432329K [0x00000000c0000000, 0x00000000da680000, 0x00000000eab00000)
  object space 432640K, 99% used [0x00000000c0000000,0x00000000da632730,0x00000000da680000)
 Metaspace       used 56910K, committed 58240K, reserved 1114112K
  class space    used 5834K, committed 6400K, reserved 1048576K
}
Event: 48.988 GC heap before
{Heap before GC invocations=526 (full 2):
 PSYoungGen      total 1536K, used 1447K [0x00000000eab00000, 0x00000000ead80000, 0x0000000100000000)
  eden space 1024K, 97% used [0x00000000eab00000,0x00000000eabf9ca8,0x00000000eac00000)
  from space 512K, 87% used [0x00000000eac80000,0x00000000eacf0000,0x00000000ead00000)
  to   space 512K, 0% used [0x00000000ead00000,0x00000000ead00000,0x00000000ead80000)
 ParOldGen       total 432640K, used 432329K [0x00000000c0000000, 0x00000000da680000, 0x00000000eab00000)
  object space 432640K, 99% used [0x00000000c0000000,0x00000000da632730,0x00000000da680000)
 Metaspace       used 56965K, committed 58304K, reserved 1114112K
  class space    used 5836K, committed 6400K, reserved 1048576K
}
Event: 48.989 GC heap after
{Heap after GC invocations=526 (full 2):
 PSYoungGen      total 1536K, used 434K [0x00000000eab00000, 0x00000000ead80000, 0x0000000100000000)
  eden space 1024K, 0% used [0x00000000eab00000,0x00000000eab00000,0x00000000eac00000)
  from space 512K, 84% used [0x00000000ead00000,0x00000000ead6c810,0x00000000ead80000)
  to   space 512K, 0% used [0x00000000eac80000,0x00000000eac80000,0x00000000ead00000)
 ParOldGen       total 432640K, used 432637K [0x00000000c0000000, 0x00000000da680000, 0x00000000eab00000)
  object space 432640K, 99% used [0x00000000c0000000,0x00000000da67f738,0x00000000da680000)
 Metaspace       used 56965K, committed 58304K, reserved 1114112K
  class space    used 5836K, committed 6400K, reserved 1048576K
}
Event: 49.001 GC heap before
{Heap before GC invocations=527 (full 2):
 PSYoungGen      total 1536K, used 1458K [0x00000000eab00000, 0x00000000ead80000, 0x0000000100000000)
  eden space 1024K, 100% used [0x00000000eab00000,0x00000000eac00000,0x00000000eac00000)
  from space 512K, 84% used [0x00000000ead00000,0x00000000ead6c810,0x00000000ead80000)
  to   space 512K, 0% used [0x00000000eac80000,0x00000000eac80000,0x00000000ead00000)
 ParOldGen       total 432640K, used 432637K [0x00000000c0000000, 0x00000000da680000, 0x00000000eab00000)
  object space 432640K, 99% used [0x00000000c0000000,0x00000000da67f738,0x00000000da680000)
 Metaspace       used 57019K, committed 58304K, reserved 1114112K
  class space    used 5842K, committed 6400K, reserved 1048576K
}
Event: 49.002 GC heap after
{Heap after GC invocations=527 (full 2):
 PSYoungGen      total 1536K, used 320K [0x00000000eab00000, 0x00000000ead80000, 0x0000000100000000)
  eden space 1024K, 0% used [0x00000000eab00000,0x00000000eab00000,0x00000000eac00000)
  from space 512K, 62% used [0x00000000eac80000,0x00000000eacd0000,0x00000000ead00000)
  to   space 512K, 0% used [0x00000000ead00000,0x00000000ead00000,0x00000000ead80000)
 ParOldGen       total 433152K, used 432881K [0x00000000c0000000, 0x00000000da700000, 0x00000000eab00000)
  object space 433152K, 99% used [0x00000000c0000000,0x00000000da6bc748,0x00000000da700000)
 Metaspace       used 57019K, committed 58304K, reserved 1114112K
  class space    used 5842K, committed 6400K, reserved 1048576K
}
Event: 49.011 GC heap before
{Heap before GC invocations=528 (full 2):
 PSYoungGen      total 1536K, used 1343K [0x00000000eab00000, 0x00000000ead80000, 0x0000000100000000)
  eden space 1024K, 99% used [0x00000000eab00000,0x00000000eabffff0,0x00000000eac00000)
  from space 512K, 62% used [0x00000000eac80000,0x00000000eacd0000,0x00000000ead00000)
  to   space 512K, 0% used [0x00000000ead00000,0x00000000ead00000,0x00000000ead80000)
 ParOldGen       total 433152K, used 432881K [0x00000000c0000000, 0x00000000da700000, 0x00000000eab00000)
  object space 433152K, 99% used [0x00000000c0000000,0x00000000da6bc748,0x00000000da700000)
 Metaspace       used 57188K, committed 58496K, reserved 1114112K
  class space    used 5854K, committed 6400K, reserved 1048576K
}
Event: 49.012 GC heap after
{Heap after GC invocations=528 (full 2):
 PSYoungGen      total 1536K, used 395K [0x00000000eab00000, 0x00000000ead80000, 0x0000000100000000)
  eden space 1024K, 0% used [0x00000000eab00000,0x00000000eab00000,0x00000000eac00000)
  from space 512K, 77% used [0x00000000ead00000,0x00000000ead62c40,0x00000000ead80000)
  to   space 512K, 0% used [0x00000000eac80000,0x00000000eac80000,0x00000000ead00000)
 ParOldGen       total 433152K, used 433029K [0x00000000c0000000, 0x00000000da700000, 0x00000000eab00000)
  object space 433152K, 99% used [0x00000000c0000000,0x00000000da6e1718,0x00000000da700000)
 Metaspace       used 57188K, committed 58496K, reserved 1114112K
  class space    used 5854K, committed 6400K, reserved 1048576K
}
Event: 49.021 GC heap before
{Heap before GC invocations=529 (full 2):
 PSYoungGen      total 1536K, used 1419K [0x00000000eab00000, 0x00000000ead80000, 0x0000000100000000)
  eden space 1024K, 100% used [0x00000000eab00000,0x00000000eac00000,0x00000000eac00000)
  from space 512K, 77% used [0x00000000ead00000,0x00000000ead62c40,0x00000000ead80000)
  to   space 512K, 0% used [0x00000000eac80000,0x00000000eac80000,0x00000000ead00000)
 ParOldGen       total 433152K, used 433029K [0x00000000c0000000, 0x00000000da700000, 0x00000000eab00000)
  object space 433152K, 99% used [0x00000000c0000000,0x00000000da6e1718,0x00000000da700000)
 Metaspace       used 57264K, committed 58560K, reserved 1114112K
  class space    used 5863K, committed 6400K, reserved 1048576K
}
Event: 49.022 GC heap after
{Heap after GC invocations=529 (full 2):
 PSYoungGen      total 1536K, used 320K [0x00000000eab00000, 0x00000000ead80000, 0x0000000100000000)
  eden space 1024K, 0% used [0x00000000eab00000,0x00000000eab00000,0x00000000eac00000)
  from space 512K, 62% used [0x00000000eac80000,0x00000000eacd0000,0x00000000ead00000)
  to   space 512K, 0% used [0x00000000ead00000,0x00000000ead00000,0x00000000ead80000)
 ParOldGen       total 433664K, used 433185K [0x00000000c0000000, 0x00000000da780000, 0x00000000eab00000)
  object space 433664K, 99% used [0x00000000c0000000,0x00000000da708608,0x00000000da780000)
 Metaspace       used 57264K, committed 58560K, reserved 1114112K
  class space    used 5863K, committed 6400K, reserved 1048576K
}
Event: 49.072 GC heap before
{Heap before GC invocations=530 (full 2):
 PSYoungGen      total 1536K, used 1344K [0x00000000eab00000, 0x00000000ead80000, 0x0000000100000000)
  eden space 1024K, 100% used [0x00000000eab00000,0x00000000eac00000,0x00000000eac00000)
  from space 512K, 62% used [0x00000000eac80000,0x00000000eacd0000,0x00000000ead00000)
  to   space 512K, 0% used [0x00000000ead00000,0x00000000ead00000,0x00000000ead80000)
 ParOldGen       total 433664K, used 433185K [0x00000000c0000000, 0x00000000da780000, 0x00000000eab00000)
  object space 433664K, 99% used [0x00000000c0000000,0x00000000da708608,0x00000000da780000)
 Metaspace       used 57288K, committed 58624K, reserved 1114112K
  class space    used 5866K, committed 6464K, reserved 1048576K
}
Event: 49.073 GC heap after
{Heap after GC invocations=530 (full 2):
 PSYoungGen      total 1536K, used 443K [0x00000000eab00000, 0x00000000ead80000, 0x0000000100000000)
  eden space 1024K, 0% used [0x00000000eab00000,0x00000000eab00000,0x00000000eac00000)
  from space 512K, 86% used [0x00000000ead00000,0x00000000ead6ef30,0x00000000ead80000)
  to   space 512K, 0% used [0x00000000eac80000,0x00000000eac80000,0x00000000ead00000)
 ParOldGen       total 433664K, used 433377K [0x00000000c0000000, 0x00000000da780000, 0x00000000eab00000)
  object space 433664K, 99% used [0x00000000c0000000,0x00000000da738608,0x00000000da780000)
 Metaspace       used 57288K, committed 58624K, reserved 1114112K
  class space    used 5866K, committed 6464K, reserved 1048576K
}
Event: 49.078 GC heap before
{Heap before GC invocations=531 (full 2):
 PSYoungGen      total 1536K, used 1467K [0x00000000eab00000, 0x00000000ead80000, 0x0000000100000000)
  eden space 1024K, 100% used [0x00000000eab00000,0x00000000eac00000,0x00000000eac00000)
  from space 512K, 86% used [0x00000000ead00000,0x00000000ead6ef30,0x00000000ead80000)
  to   space 512K, 0% used [0x00000000eac80000,0x00000000eac80000,0x00000000ead00000)
 ParOldGen       total 433664K, used 433377K [0x00000000c0000000, 0x00000000da780000, 0x00000000eab00000)
  object space 433664K, 99% used [0x00000000c0000000,0x00000000da738608,0x00000000da780000)
 Metaspace       used 57293K, committed 58624K, reserved 1114112K
  class space    used 5866K, committed 6464K, reserved 1048576K
}
Event: 49.080 GC heap after
{Heap after GC invocations=531 (full 2):
 PSYoungGen      total 1536K, used 384K [0x00000000eab00000, 0x00000000ead80000, 0x0000000100000000)
  eden space 1024K, 0% used [0x00000000eab00000,0x00000000eab00000,0x00000000eac00000)
  from space 512K, 75% used [0x00000000eac80000,0x00000000eace0000,0x00000000ead00000)
  to   space 512K, 0% used [0x00000000ead00000,0x00000000ead00000,0x00000000ead80000)
 ParOldGen       total 434176K, used 433664K [0x00000000c0000000, 0x00000000da800000, 0x00000000eab00000)
  object space 434176K, 99% used [0x00000000c0000000,0x00000000da780330,0x00000000da800000)
 Metaspace       used 57293K, committed 58624K, reserved 1114112K
  class space    used 5866K, committed 6464K, reserved 1048576K
}

